app/build/outputs/logs/manifest-merger-debug-report.txt
-- Merging decision tree log ---
manifest
ADDED from src\main\AndroidManifest.xml:2:1-235:12
	package
		ADDED from src\main\AndroidManifest.xml:3:11-44
		INJECTED from src\main\AndroidManifest.xml
		INJECTED from src\main\AndroidManifest.xml
	android:versionName
		ADDED from src\main\AndroidManifest.xml:5:11-37
		INJECTED from src\main\AndroidManifest.xml
		INJECTED from src\main\AndroidManifest.xml
	android:versionCode
		ADDED from src\main\AndroidManifest.xml:4:11-35
		INJECTED from src\main\AndroidManifest.xml
		INJECTED from src\main\AndroidManifest.xml
	xmlns:android
		ADDED from src\main\AndroidManifest.xml:2:11-69
uses-permission#android.permission.INTERNET
ADDED from src\main\AndroidManifest.xml:7:5-66
	android:name
		ADDED from src\main\AndroidManifest.xml:7:22-64
uses-permission#android.permission.ACCESS_NETWORK_STATE
ADDED from src\main\AndroidManifest.xml:8:5-78
	android:name
		ADDED from src\main\AndroidManifest.xml:8:22-76
uses-permission#android.permission.READ_CALENDAR
ADDED from src\main\AndroidManifest.xml:9:5-71
	android:name
		ADDED from src\main\AndroidManifest.xml:9:22-69
uses-permission#android.permission.MOUNT_UNMOUNT_FILESYSTEMS
ADDED from src\main\AndroidManifest.xml:10:5-83
	android:name
		ADDED from src\main\AndroidManifest.xml:10:22-81
uses-permission#android.permission.SYSTEM_ALERT_WINDOW
ADDED from src\main\AndroidManifest.xml:11:5-77
	android:name
		ADDED from src\main\AndroidManifest.xml:11:22-75
uses-permission#android.permission.CAMERA
ADDED from src\main\AndroidManifest.xml:12:5-64
	android:name
		ADDED from src\main\AndroidManifest.xml:12:22-62
uses-permission#android.permission.BLUETOOTH_ADMIN
ADDED from src\main\AndroidManifest.xml:13:5-73
	android:name
		ADDED from src\main\AndroidManifest.xml:13:22-71
uses-permission#android.permission.BLUETOOTH
ADDED from src\main\AndroidManifest.xml:14:5-67
	android:name
		ADDED from src\main\AndroidManifest.xml:14:22-65
uses-permission#android.permission.MODIFY_AUDIO_SETTINGS
ADDED from src\main\AndroidManifest.xml:15:5-79
	android:name
		ADDED from src\main\AndroidManifest.xml:15:22-77
uses-permission#android.permission.WRITE_SETTINGS
ADDED from src\main\AndroidManifest.xml:16:5-72
	android:name
		ADDED from src\main\AndroidManifest.xml:16:22-70
uses-permission#android.permission.SEND_SMS
ADDED from src\main\AndroidManifest.xml:17:5-66
	android:name
		ADDED from src\main\AndroidManifest.xml:17:22-64
uses-permission#android.permission.RECEIVE_SMS
ADDED from src\main\AndroidManifest.xml:19:5-69
	android:name
		ADDED from src\main\AndroidManifest.xml:19:22-67
uses-permission#android.permission.READ_SMS
ADDED from src\main\AndroidManifest.xml:20:5-66
	android:name
		ADDED from src\main\AndroidManifest.xml:20:22-64
uses-permission#android.permission.WRITE_CALL_LOG
ADDED from src\main\AndroidManifest.xml:21:5-72
	android:name
		ADDED from src\main\AndroidManifest.xml:21:22-70
uses-permission#android.permission.READ_CALL_LOG
ADDED from src\main\AndroidManifest.xml:22:5-71
	android:name
		ADDED from src\main\AndroidManifest.xml:22:22-69
uses-permission#android.permission.READ_CONTACTS
ADDED from src\main\AndroidManifest.xml:25:5-71
	android:name
		ADDED from src\main\AndroidManifest.xml:25:22-69
uses-permission#android.permission.WRITE_CONTACTS
ADDED from src\main\AndroidManifest.xml:26:5-72
	android:name
		ADDED from src\main\AndroidManifest.xml:26:22-70
uses-feature#android.hardware.camera
ADDED from src\main\AndroidManifest.xml:28:5-59
	android:name
		ADDED from src\main\AndroidManifest.xml:28:19-57
uses-feature#android.hardware.camera.autofocus
ADDED from src\main\AndroidManifest.xml:29:5-31:35
	android:required
		ADDED from src\main\AndroidManifest.xml:31:9-33
	android:name
		ADDED from src\main\AndroidManifest.xml:30:9-57
uses-permission#android.permission.GET_TASKS
ADDED from src\main\AndroidManifest.xml:33:5-67
	android:name
		ADDED from src\main\AndroidManifest.xml:33:22-65
uses-permission#android.permission.KILL_BACKGROUND_PROCESSES
ADDED from src\main\AndroidManifest.xml:34:5-83
	android:name
		ADDED from src\main\AndroidManifest.xml:34:22-81
uses-permission#android.permission.READ_LOGS
ADDED from src\main\AndroidManifest.xml:35:5-67
	android:name
		ADDED from src\main\AndroidManifest.xml:35:22-65
uses-permission#android.permission.ACCESS_COARSE_LOCATION
ADDED from src\main\AndroidManifest.xml:36:5-80
	android:name
		ADDED from src\main\AndroidManifest.xml:36:22-78
uses-permission#android.permission.ACCESS_FINE_LOCATION
ADDED from src\main\AndroidManifest.xml:37:5-78
	android:name
		ADDED from src\main\AndroidManifest.xml:37:22-76
uses-permission#android.permission.ACCESS_WIFI_STATE
ADDED from src\main\AndroidManifest.xml:38:5-75
	android:name
		ADDED from src\main\AndroidManifest.xml:38:22-73
uses-permission#android.permission.CHANGE_WIFI_STATE
ADDED from src\main\AndroidManifest.xml:39:5-75
	android:name
		ADDED from src\main\AndroidManifest.xml:39:22-73
uses-permission#android.permission.WRITE_EXTERNAL_STORAGE
ADDED from src\main\AndroidManifest.xml:40:5-80
	android:name
		ADDED from src\main\AndroidManifest.xml:40:22-78
uses-permission#android.permission.MANAGE_ACCOUNTS
ADDED from src\main\AndroidManifest.xml:41:5-73
	android:name
		ADDED from src\main\AndroidManifest.xml:41:22-71
uses-permission#android.permission.GET_ACCOUNTS
ADDED from src\main\AndroidManifest.xml:42:5-70
	android:name
		ADDED from src\main\AndroidManifest.xml:42:22-68
uses-permission#android.permission.READ_PHONE_STATE
ADDED from src\main\AndroidManifest.xml:45:5-74
	android:name
		ADDED from src\main\AndroidManifest.xml:45:22-72
uses-permission#android.permission.PROCESS_OUTGOING_CALLS
ADDED from src\main\AndroidManifest.xml:46:5-80
	android:name
		ADDED from src\main\AndroidManifest.xml:46:22-78
uses-permission#android.permission.VIBRATE
ADDED from src\main\AndroidManifest.xml:48:5-65
	android:name
		ADDED from src\main\AndroidManifest.xml:48:22-63
uses-permission#android.permission.CALL_PHONE
ADDED from src\main\AndroidManifest.xml:50:5-68
	android:name
		ADDED from src\main\AndroidManifest.xml:50:22-66
application
ADDED from src\main\AndroidManifest.xml:52:5-233:19
MERGED from [elderbracelet1110:oneKeyShareNew:unspecified] AndroidManifest.xml:18:5-21:19
MERGED from [elderbracelet1110:shareSDK:unspecified] AndroidManifest.xml:11:5-14:19
MERGED from [elderbracelet1110:richtext:unspecified] AndroidManifest.xml:12:5-20
MERGED from [com.zzhoujay.markdown:markdown:1.0.0] AndroidManifest.xml:12:5-20
	android:label
		ADDED from src\main\AndroidManifest.xml:56:9-41
	android:debuggable
		ADDED from [elderbracelet1110:oneKeyShareNew:unspecified] AndroidManifest.xml:20:9-34
	android:allowBackup
		ADDED from src\main\AndroidManifest.xml:54:9-35
	android:icon
		ADDED from src\main\AndroidManifest.xml:55:9-38
	android:persistent
		ADDED from src\main\AndroidManifest.xml:57:9-34
	android:theme
		ADDED from src\main\AndroidManifest.xml:58:9-40
	android:name
		ADDED from src\main\AndroidManifest.xml:53:9-64
activity#com.bt.elderbracelet.activity.MainActivity
ADDED from src\main\AndroidManifest.xml:59:9-70:20
	android:screenOrientation
		ADDED from src\main\AndroidManifest.xml:64:13-49
	android:label
		ADDED from src\main\AndroidManifest.xml:62:13-45
	android:launchMode
		ADDED from src\main\AndroidManifest.xml:63:13-43
	android:icon
		ADDED from src\main\AndroidManifest.xml:61:13-42
	android:name
		ADDED from src\main\AndroidManifest.xml:60:13-70
intent-filter#android.intent.action.MAIN+android.intent.category.LAUNCHER
ADDED from src\main\AndroidManifest.xml:65:13-69:29
action#android.intent.action.MAIN
ADDED from src\main\AndroidManifest.xml:66:17-68
	android:name
		ADDED from src\main\AndroidManifest.xml:66:25-66
category#android.intent.category.LAUNCHER
ADDED from src\main\AndroidManifest.xml:68:17-76
	android:name
		ADDED from src\main\AndroidManifest.xml:68:27-74
activity#com.bt.elderbracelet.activity.RegisterActivity
ADDED from src\main\AndroidManifest.xml:71:9-73:51
	android:screenOrientation
		ADDED from src\main\AndroidManifest.xml:73:13-49
	android:name
		ADDED from src\main\AndroidManifest.xml:72:13-74
activity#com.bt.elderbracelet.activity.BoundSuccessActivity
ADDED from src\main\AndroidManifest.xml:74:9-76:51
	android:screenOrientation
		ADDED from src\main\AndroidManifest.xml:76:13-49
	android:name
		ADDED from src\main\AndroidManifest.xml:75:13-78
activity#com.bt.elderbracelet.activity.StepActivity
ADDED from src\main\AndroidManifest.xml:77:9-79:51
	android:screenOrientation
		ADDED from src\main\AndroidManifest.xml:79:13-49
	android:name
		ADDED from src\main\AndroidManifest.xml:78:13-70
activity#com.bt.elderbracelet.activity.DistanceActivity
ADDED from src\main\AndroidManifest.xml:80:9-82:51
	android:screenOrientation
		ADDED from src\main\AndroidManifest.xml:82:13-49
	android:name
		ADDED from src\main\AndroidManifest.xml:81:13-74
activity#com.bt.elderbracelet.activity.SportHistoryActivity
ADDED from src\main\AndroidManifest.xml:83:9-85:51
	android:screenOrientation
		ADDED from src\main\AndroidManifest.xml:85:13-49
	android:name
		ADDED from src\main\AndroidManifest.xml:84:13-78
activity#com.bt.elderbracelet.activity.SleepHistoryActivity
ADDED from src\main\AndroidManifest.xml:86:9-88:51
	android:screenOrientation
		ADDED from src\main\AndroidManifest.xml:88:13-49
	android:name
		ADDED from src\main\AndroidManifest.xml:87:13-78
activity#com.bt.elderbracelet.activity.HealthScanActivity
ADDED from src\main\AndroidManifest.xml:89:9-91:51
	android:screenOrientation
		ADDED from src\main\AndroidManifest.xml:91:13-49
	android:name
		ADDED from src\main\AndroidManifest.xml:90:13-76
activity#com.bt.elderbracelet.activity.RemindActivity
ADDED from src\main\AndroidManifest.xml:92:9-94:51
	android:screenOrientation
		ADDED from src\main\AndroidManifest.xml:94:13-49
	android:name
		ADDED from src\main\AndroidManifest.xml:93:13-72
activity#com.bt.elderbracelet.activity.MedicineRemindActivity
ADDED from src\main\AndroidManifest.xml:95:9-97:51
	android:screenOrientation
		ADDED from src\main\AndroidManifest.xml:97:13-49
	android:name
		ADDED from src\main\AndroidManifest.xml:96:13-80
activity#com.bt.elderbracelet.activity.CaloriaActivity
ADDED from src\main\AndroidManifest.xml:103:9-105:51
	android:screenOrientation
		ADDED from src\main\AndroidManifest.xml:105:13-49
	android:name
		ADDED from src\main\AndroidManifest.xml:104:13-73
activity#com.bt.elderbracelet.activity.SleepActivity
ADDED from src\main\AndroidManifest.xml:106:9-108:51
	android:screenOrientation
		ADDED from src\main\AndroidManifest.xml:108:13-49
	android:name
		ADDED from src\main\AndroidManifest.xml:107:13-71
activity#com.bt.elderbracelet.activity.SportTimeActivity
ADDED from src\main\AndroidManifest.xml:109:9-111:51
	android:screenOrientation
		ADDED from src\main\AndroidManifest.xml:111:13-49
	android:name
		ADDED from src\main\AndroidManifest.xml:110:13-75
activity#com.bt.elderbracelet.activity.HeartRateActivity
ADDED from src\main\AndroidManifest.xml:112:9-114:51
	android:screenOrientation
		ADDED from src\main\AndroidManifest.xml:114:13-49
	android:name
		ADDED from src\main\AndroidManifest.xml:113:13-75
activity#com.bt.elderbracelet.activity.PushListActivity
ADDED from src\main\AndroidManifest.xml:115:9-117:51
	android:screenOrientation
		ADDED from src\main\AndroidManifest.xml:117:13-49
	android:name
		ADDED from src\main\AndroidManifest.xml:116:13-74
activity#com.bt.elderbracelet.activity.PushDetailActivity
ADDED from src\main\AndroidManifest.xml:118:9-120:51
	android:screenOrientation
		ADDED from src\main\AndroidManifest.xml:120:13-49
	android:name
		ADDED from src\main\AndroidManifest.xml:119:13-76
activity#com.bt.elderbracelet.activity.BloodPressureActivity
ADDED from src\main\AndroidManifest.xml:121:9-123:51
	android:screenOrientation
		ADDED from src\main\AndroidManifest.xml:123:13-49
	android:name
		ADDED from src\main\AndroidManifest.xml:122:13-79
activity#com.bt.elderbracelet.activity.PressureHistoryActivity
ADDED from src\main\AndroidManifest.xml:124:9-126:51
	android:screenOrientation
		ADDED from src\main\AndroidManifest.xml:126:13-49
	android:name
		ADDED from src\main\AndroidManifest.xml:125:13-81
activity#com.bt.elderbracelet.activity.BloodSugarActivity
ADDED from src\main\AndroidManifest.xml:127:9-129:51
	android:screenOrientation
		ADDED from src\main\AndroidManifest.xml:129:13-49
	android:name
		ADDED from src\main\AndroidManifest.xml:128:13-76
activity#com.bt.elderbracelet.activity.SugarHistoryActivity
ADDED from src\main\AndroidManifest.xml:130:9-132:51
	android:screenOrientation
		ADDED from src\main\AndroidManifest.xml:132:13-49
	android:name
		ADDED from src\main\AndroidManifest.xml:131:13-78
activity#com.bt.elderbracelet.activity.BloodOxygenActivity
ADDED from src\main\AndroidManifest.xml:133:9-135:51
	android:screenOrientation
		ADDED from src\main\AndroidManifest.xml:135:13-49
	android:name
		ADDED from src\main\AndroidManifest.xml:134:13-77
activity#com.bt.elderbracelet.activity.ContactServicesActivity
ADDED from src\main\AndroidManifest.xml:136:9-138:51
	android:screenOrientation
		ADDED from src\main\AndroidManifest.xml:138:13-49
	android:name
		ADDED from src\main\AndroidManifest.xml:137:13-81
activity#com.bt.elderbracelet.activity.HeartRateHistoryActivity
ADDED from src\main\AndroidManifest.xml:139:9-141:51
	android:screenOrientation
		ADDED from src\main\AndroidManifest.xml:141:13-49
	android:name
		ADDED from src\main\AndroidManifest.xml:140:13-82
activity#com.bt.elderbracelet.activity.OxygenHistoryActivity
ADDED from src\main\AndroidManifest.xml:142:9-144:51
	android:screenOrientation
		ADDED from src\main\AndroidManifest.xml:144:13-49
	android:name
		ADDED from src\main\AndroidManifest.xml:143:13-79
activity#com.bt.elderbracelet.activity.ClockRemindActivity
ADDED from src\main\AndroidManifest.xml:145:9-147:51
	android:screenOrientation
		ADDED from src\main\AndroidManifest.xml:147:13-49
	android:name
		ADDED from src\main\AndroidManifest.xml:146:13-77
activity#com.bt.elderbracelet.activity.ClockRemindDetailsActivity
ADDED from src\main\AndroidManifest.xml:154:9-156:51
	android:screenOrientation
		ADDED from src\main\AndroidManifest.xml:156:13-49
	android:name
		ADDED from src\main\AndroidManifest.xml:155:13-84
activity#com.bt.elderbracelet.activity.MedicineRemindDetailsActivity
ADDED from src\main\AndroidManifest.xml:157:9-159:51
	android:screenOrientation
		ADDED from src\main\AndroidManifest.xml:159:13-49
	android:name
		ADDED from src\main\AndroidManifest.xml:158:13-87
activity#com.bt.elderbracelet.activity.SitRemindActivity
ADDED from src\main\AndroidManifest.xml:166:9-168:51
	android:screenOrientation
		ADDED from src\main\AndroidManifest.xml:168:13-49
	android:name
		ADDED from src\main\AndroidManifest.xml:167:13-75
activity#com.bt.elderbracelet.activity.SleepRemindActicvity
ADDED from src\main\AndroidManifest.xml:169:9-171:51
	android:screenOrientation
		ADDED from src\main\AndroidManifest.xml:171:13-49
	android:name
		ADDED from src\main\AndroidManifest.xml:170:13-78
activity#com.bt.elderbracelet.activity.SleepRemindDetailsActivity
ADDED from src\main\AndroidManifest.xml:172:9-174:51
	android:screenOrientation
		ADDED from src\main\AndroidManifest.xml:174:13-49
	android:name
		ADDED from src\main\AndroidManifest.xml:173:13-84
activity#com.bt.elderbracelet.activity.SettingsActivity
ADDED from src\main\AndroidManifest.xml:175:9-177:51
	android:screenOrientation
		ADDED from src\main\AndroidManifest.xml:177:13-49
	android:name
		ADDED from src\main\AndroidManifest.xml:176:13-74
activity#com.bt.elderbracelet.activity.AlreadyRegisterActivity
ADDED from src\main\AndroidManifest.xml:178:9-180:51
	android:screenOrientation
		ADDED from src\main\AndroidManifest.xml:180:13-49
	android:name
		ADDED from src\main\AndroidManifest.xml:179:13-81
activity#com.bt.elderbracelet.activity.BasicInfomationActivity
ADDED from src\main\AndroidManifest.xml:181:9-185:74
	android:screenOrientation
		ADDED from src\main\AndroidManifest.xml:184:13-49
	android:windowSoftInputMode
		ADDED from src\main\AndroidManifest.xml:185:13-72
	android:configChanges
		ADDED from src\main\AndroidManifest.xml:183:13-63
	android:name
		ADDED from src\main\AndroidManifest.xml:182:13-81
activity#com.bt.elderbracelet.activity.PersonalTwoActivity
ADDED from src\main\AndroidManifest.xml:186:9-188:51
	android:screenOrientation
		ADDED from src\main\AndroidManifest.xml:188:13-49
	android:name
		ADDED from src\main\AndroidManifest.xml:187:13-77
activity#com.bt.elderbracelet.activity.PersonalThreeActivity
ADDED from src\main\AndroidManifest.xml:189:9-191:51
	android:screenOrientation
		ADDED from src\main\AndroidManifest.xml:191:13-49
	android:name
		ADDED from src\main\AndroidManifest.xml:190:13-79
activity#com.bt.elderbracelet.activity.AlterPwdActivity
ADDED from src\main\AndroidManifest.xml:192:9-194:51
	android:screenOrientation
		ADDED from src\main\AndroidManifest.xml:194:13-49
	android:name
		ADDED from src\main\AndroidManifest.xml:193:13-74
activity#com.bt.elderbracelet.activity.ResetPwdActivity
ADDED from src\main\AndroidManifest.xml:195:9-197:51
	android:screenOrientation
		ADDED from src\main\AndroidManifest.xml:197:13-49
	android:name
		ADDED from src\main\AndroidManifest.xml:196:13-74
activity#com.bt.elderbracelet.wxapi.WXEntryActivity
ADDED from src\main\AndroidManifest.xml:198:9-200:51
	android:screenOrientation
		ADDED from src\main\AndroidManifest.xml:200:13-49
	android:name
		ADDED from src\main\AndroidManifest.xml:199:13-70
activity#com.mob.tools.MobUIShell
ADDED from src\main\AndroidManifest.xml:201:9-206:69
	android:screenOrientation
		ADDED from src\main\AndroidManifest.xml:204:13-49
	android:windowSoftInputMode
		ADDED from src\main\AndroidManifest.xml:206:13-67
	android:configChanges
		ADDED from src\main\AndroidManifest.xml:203:13-63
	android:theme
		ADDED from src\main\AndroidManifest.xml:205:13-72
	android:name
		ADDED from src\main\AndroidManifest.xml:202:13-52
service#com.bonten.ble.servise.BleService
ADDED from src\main\AndroidManifest.xml:208:9-211:40
	android:enabled
		ADDED from src\main\AndroidManifest.xml:210:13-35
	android:permission
		ADDED from src\main\AndroidManifest.xml:211:13-38
	android:name
		ADDED from src\main\AndroidManifest.xml:209:13-61
receiver#com.bt.elderbracelet.receiver.SMSReceiver
ADDED from src\main\AndroidManifest.xml:213:9-217:20
	android:name
		ADDED from src\main\AndroidManifest.xml:213:19-75
intent-filter#android.provider.Telephony.SMS_RECEIVED
ADDED from src\main\AndroidManifest.xml:214:13-216:29
	android:priority
		ADDED from src\main\AndroidManifest.xml:214:28-51
action#android.provider.Telephony.SMS_RECEIVED
ADDED from src\main\AndroidManifest.xml:215:17-81
	android:name
		ADDED from src\main\AndroidManifest.xml:215:25-79
service#com.bonten.ble.servise.MedicineClockService
ADDED from src\main\AndroidManifest.xml:227:9-231:19
	android:enabled
		ADDED from src\main\AndroidManifest.xml:229:13-35
	android:exported
		ADDED from src\main\AndroidManifest.xml:230:13-36
	android:name
		ADDED from src\main\AndroidManifest.xml:228:13-71
uses-sdk
INJECTED from src\main\AndroidManifest.xml reason: use-sdk injection requested
MERGED from [elderbracelet1110:oneKeyShareNew:unspecified] AndroidManifest.xml:7:5-9:41
MERGED from [elderbracelet1110:shareSDK:unspecified] AndroidManifest.xml:7:5-9:41
MERGED from [elderbracelet1110:richtext:unspecified] AndroidManifest.xml:8:5-10:41
MERGED from [com.zzhoujay.markdown:markdown:1.0.0] AndroidManifest.xml:8:5-10:41
	android:targetSdkVersion
		INJECTED from src\main\AndroidManifest.xml
		INJECTED from src\main\AndroidManifest.xml
	android:minSdkVersion
		INJECTED from src\main\AndroidManifest.xml
		INJECTED from src\main\AndroidManifest.xml
supports-screens
ADDED from [elderbracelet1110:oneKeyShareNew:unspecified] AndroidManifest.xml:11:5-16:39
	android:largeScreens
		ADDED from [elderbracelet1110:oneKeyShareNew:unspecified] AndroidManifest.xml:13:9-36
	android:smallScreens
		ADDED from [elderbracelet1110:oneKeyShareNew:unspecified] AndroidManifest.xml:16:9-36
	android:normalScreens
		ADDED from [elderbracelet1110:oneKeyShareNew:unspecified] AndroidManifest.xml:14:9-37
	android:resizeable
		ADDED from [elderbracelet1110:oneKeyShareNew:unspecified] AndroidManifest.xml:15:9-34
	android:anyDensity
		ADDED from [elderbracelet1110:oneKeyShareNew:unspecified] AndroidManifest.xml:12:9-34